c:\dev\grass\bin\grass\grass.pdb
c:\dev\grass\bin\grass\grass.idb
c:\dev\grass\bin\grass\obj\textbox.obj
c:\dev\grass\bin\grass\obj\button.obj
c:\dev\grass\bin\grass\obj\vec2.obj
c:\dev\grass\bin\grass\obj\log.obj
c:\dev\grass\bin\grass\obj\funcs.obj
c:\dev\grass\bin\grass\obj\color.obj
c:\dev\grass\bin\grass\obj\sprite.obj
c:\dev\grass\bin\grass\obj\box.obj
c:\dev\grass\bin\grass\obj\grass.obj
c:\dev\grass\bin\grass\obj\app.obj
c:\dev\grass\bin\grass\obj\mygame.obj
c:\dev\grass\bin\grass\obj\main.obj
c:\dev\grass\bin\grass\grass.lib
c:\dev\grass\bin\grass\obj\grass.vcxproj.filelistabsolute.txt
c:\dev\grass\bin\grass\obj\grass.tlog\cl.command.1.tlog
c:\dev\grass\bin\grass\obj\grass.tlog\cl.read.1.tlog
c:\dev\grass\bin\grass\obj\grass.tlog\cl.write.1.tlog
c:\dev\grass\bin\grass\obj\grass.tlog\lib-link.read.1.tlog
c:\dev\grass\bin\grass\obj\grass.tlog\lib-link.write.1.tlog
c:\dev\grass\bin\grass\obj\grass.tlog\lib.command.1.tlog
