c:\dev\grass\bin\sandbox\obj\vc143.pdb
c:\dev\grass\bin\sandbox\obj\vc143.idb
c:\dev\grass\bin\sandbox\obj\mygame.obj
c:\dev\grass\bin\sandbox\obj\main.obj
c:\dev\grass\bin\sandbox\sandbox.exe
c:\dev\grass\bin\sandbox\obj\sandbox.ilk
c:\dev\grass\bin\sandbox\sandbox.pdb
c:\dev\grass\bin\sandbox\sdl2d.dll
c:\dev\grass\bin\sandbox\sdl2_imaged.dll
c:\dev\grass\bin\sandbox\sdl2_ttf.dll
c:\dev\grass\bin\sandbox\freetyped.dll
c:\dev\grass\bin\sandbox\zlibd1.dll
c:\dev\grass\bin\sandbox\bz2d.dll
c:\dev\grass\bin\sandbox\libpng16d.dll
c:\dev\grass\bin\sandbox\brotlidec.dll
c:\dev\grass\bin\sandbox\brotlicommon.dll
c:\dev\grass\bin\sandbox\obj\sandbox.vcxproj.filelistabsolute.txt
c:\dev\grass\bin\sandbox\obj\sandbox.tlog\cl.command.1.tlog
c:\dev\grass\bin\sandbox\obj\sandbox.tlog\cl.read.1.tlog
c:\dev\grass\bin\sandbox\obj\sandbox.tlog\cl.write.1.tlog
c:\dev\grass\bin\sandbox\obj\sandbox.tlog\link.command.1.tlog
c:\dev\grass\bin\sandbox\obj\sandbox.tlog\link.read.1.tlog
c:\dev\grass\bin\sandbox\obj\sandbox.tlog\link.write.1.tlog
c:\dev\grass\bin\sandbox\obj\sandbox.tlog\sandbox.write.1u.tlog
