c:\dev\grass\templateproject\x64\debug\vc143.pdb
c:\dev\grass\templateproject\x64\debug\vc143.idb
c:\dev\grass\templateproject\x64\debug\main.obj
c:\dev\grass\templateproject\x64\debug\game.obj
c:\dev\grass\x64\debug\templateproject.exe
c:\dev\grass\templateproject\x64\debug\templateproject.ilk
c:\dev\grass\x64\debug\templateproject.pdb
c:\dev\grass\x64\debug\sdl2d.dll
c:\dev\grass\x64\debug\sdl2_ttf.dll
c:\dev\grass\x64\debug\freetyped.dll
c:\dev\grass\x64\debug\zlibd1.dll
c:\dev\grass\x64\debug\bz2d.dll
c:\dev\grass\x64\debug\libpng16d.dll
c:\dev\grass\x64\debug\brotlidec.dll
c:\dev\grass\x64\debug\brotlicommon.dll
c:\dev\grass\templateproject\x64\debug\templateproject.tlog\cl.command.1.tlog
c:\dev\grass\templateproject\x64\debug\templateproject.tlog\cl.read.1.tlog
c:\dev\grass\templateproject\x64\debug\templateproject.tlog\cl.write.1.tlog
c:\dev\grass\templateproject\x64\debug\templateproject.tlog\link.command.1.tlog
c:\dev\grass\templateproject\x64\debug\templateproject.tlog\link.read.1.tlog
c:\dev\grass\templateproject\x64\debug\templateproject.tlog\link.write.1.tlog
c:\dev\grass\templateproject\x64\debug\templateproject.tlog\templateproject.write.1u.tlog
